# JRE version: Java(TM) SE Runtime Environment (17.0.2+8) (build 17.0.2+8-LTS-86)
# Java VM: Java HotSpot(TM) 64-Bit Server VM (17.0.2+8-LTS-86, mixed mode, sharing, tiered, compressed oops, compressed class ptrs, g1 gc, windows-amd64)
GC Precious Log:
 CPUs: 4 total, 4 available
 Memory: 3944M
 Large Page Support: Disabled
 NUMA Support: Disabled
 Compressed Oops: Enabled (32-bit)
 Heap Region Size: 1M
 Heap Min Capacity: 8M
 Heap Initial Capacity: 62M
 Heap Max Capacity: 2G
 Pre-touch: Disabled
 Parallel Workers: 4
 Concurrent Workers: 1
 Concurrent Refinement Workers: 4
 Periodic GC: Disabled
Heap:
 garbage-first heap   total 424960K, used 340810K [0x0000000080000000, 0x0000000100000000)
  region size 1024K, 39 young (39936K), 5 survivors (5120K)
 Metaspace       used 112331K, committed 113216K, reserved 520192K
  class space    used 15612K, committed 16064K, reserved 421888K
GC Heap History (20 events):
Event: 172.539 GC heap before
{Heap before GC invocations=79 (full 0):
 garbage-first heap   total 396288K, used 115934K [0x0000000080000000, 0x0000000100000000)
  region size 1024K, 19 young (19456K), 13 survivors (13312K)
 Metaspace       used 97026K, committed 97856K, reserved 512000K
  class space    used 13408K, committed 13824K, reserved 421888K
}
Event: 173.081 GC heap after
{Heap after GC invocations=80 (full 0):
 garbage-first heap   total 396288K, used 112919K [0x0000000080000000, 0x0000000100000000)
  region size 1024K, 2 young (2048K), 2 survivors (2048K)
 Metaspace       used 97026K, committed 97856K, reserved 512000K
  class space    used 13408K, committed 13824K, reserved 421888K
}
Event: 175.993 GC heap before
{Heap before GC invocations=80 (full 0):
 garbage-first heap   total 396288K, used 166167K [0x0000000080000000, 0x0000000100000000)
  region size 1024K, 50 young (51200K), 2 survivors (2048K)
 Metaspace       used 97053K, committed 97920K, reserved 512000K
  class space    used 13408K, committed 13824K, reserved 421888K
}
Event: 175.999 GC heap after
{Heap after GC invocations=81 (full 0):
 garbage-first heap   total 396288K, used 114956K [0x0000000080000000, 0x0000000100000000)
  region size 1024K, 4 young (4096K), 4 survivors (4096K)
 Metaspace       used 97053K, committed 97920K, reserved 512000K
  class space    used 13408K, committed 13824K, reserved 421888K
}
Event: 183.345 GC heap before
{Heap before GC invocations=81 (full 0):
 garbage-first heap   total 396288K, used 192780K [0x0000000080000000, 0x0000000100000000)
  region size 1024K, 65 young (66560K), 4 survivors (4096K)
 Metaspace       used 97373K, committed 98240K, reserved 512000K
  class space    used 13423K, committed 13824K, reserved 421888K
}
Event: 183.378 GC heap after
{Heap after GC invocations=82 (full 0):
 garbage-first heap   total 396288K, used 123897K [0x0000000080000000, 0x0000000100000000)
  region size 1024K, 9 young (9216K), 9 survivors (9216K)
 Metaspace       used 97373K, committed 98240K, reserved 512000K
  class space    used 13423K, committed 13824K, reserved 421888K
}
Event: 196.801 GC heap before
{Heap before GC invocations=82 (full 0):
 garbage-first heap   total 396288K, used 160761K [0x0000000080000000, 0x0000000100000000)
  region size 1024K, 42 young (43008K), 9 survivors (9216K)
 Metaspace       used 97452K, committed 98304K, reserved 512000K
  class space    used 13428K, committed 13824K, reserved 421888K
}
Event: 196.843 GC heap after
{Heap after GC invocations=83 (full 0):
 garbage-first heap   total 396288K, used 117796K [0x0000000080000000, 0x0000000100000000)
  region size 1024K, 3 young (3072K), 3 survivors (3072K)
 Metaspace       used 97452K, committed 98304K, reserved 512000K
  class space    used 13428K, committed 13824K, reserved 421888K
}
Event: 197.344 GC heap before
{Heap before GC invocations=83 (full 0):
 garbage-first heap   total 396288K, used 122916K [0x0000000080000000, 0x0000000100000000)
  region size 1024K, 9 young (9216K), 3 survivors (3072K)
 Metaspace       used 97516K, committed 98304K, reserved 512000K
  class space    used 13432K, committed 13824K, reserved 421888K
}
Event: 197.371 GC heap after
{Heap after GC invocations=84 (full 0):
 garbage-first heap   total 396288K, used 118064K [0x0000000080000000, 0x0000000100000000)
  region size 1024K, 3 young (3072K), 3 survivors (3072K)
 Metaspace       used 97516K, committed 98304K, reserved 512000K
  class space    used 13432K, committed 13824K, reserved 421888K
}
Event: 211.451 GC heap before
{Heap before GC invocations=85 (full 0):
 garbage-first heap   total 396288K, used 341296K [0x0000000080000000, 0x0000000100000000)
  region size 1024K, 206 young (210944K), 3 survivors (3072K)
 Metaspace       used 99989K, committed 100800K, reserved 512000K
  class space    used 13748K, committed 14144K, reserved 421888K
}
Event: 212.729 GC heap after
{Heap after GC invocations=86 (full 0):
 garbage-first heap   total 396288K, used 130448K [0x0000000080000000, 0x0000000100000000)
  region size 1024K, 15 young (15360K), 15 survivors (15360K)
 Metaspace       used 99989K, committed 100800K, reserved 512000K
  class space    used 13748K, committed 14144K, reserved 421888K
}
Event: 213.409 GC heap before
{Heap before GC invocations=86 (full 0):
 garbage-first heap   total 396288K, used 133520K [0x0000000080000000, 0x0000000100000000)
  region size 1024K, 19 young (19456K), 15 survivors (15360K)
 Metaspace       used 100153K, committed 100992K, reserved 512000K
  class space    used 13758K, committed 14144K, reserved 421888K
}
Event: 213.725 GC heap after
{Heap after GC invocations=87 (full 0):
 garbage-first heap   total 396288K, used 130645K [0x0000000080000000, 0x0000000100000000)
  region size 1024K, 2 young (2048K), 2 survivors (2048K)
 Metaspace       used 100153K, committed 100992K, reserved 512000K
  class space    used 13758K, committed 14144K, reserved 421888K
}
Event: 216.951 GC heap before
{Heap before GC invocations=87 (full 0):
 garbage-first heap   total 396288K, used 184917K [0x0000000080000000, 0x0000000100000000)
  region size 1024K, 56 young (57344K), 2 survivors (2048K)
 Metaspace       used 102259K, committed 103104K, reserved 512000K
  class space    used 14066K, committed 14464K, reserved 421888K
}
Event: 216.960 GC heap after
{Heap after GC invocations=88 (full 0):
 garbage-first heap   total 396288K, used 132857K [0x0000000080000000, 0x0000000100000000)
  region size 1024K, 5 young (5120K), 5 survivors (5120K)
 Metaspace       used 102259K, committed 103104K, reserved 512000K
  class space    used 14066K, committed 14464K, reserved 421888K
}
Event: 219.334 GC heap before
{Heap before GC invocations=88 (full 0):
 garbage-first heap   total 396288K, used 195321K [0x0000000080000000, 0x0000000100000000)
  region size 1024K, 65 young (66560K), 5 survivors (5120K)
 Metaspace       used 108023K, committed 108864K, reserved 520192K
  class space    used 15046K, committed 15424K, reserved 421888K
}
Event: 219.361 GC heap after
{Heap after GC invocations=89 (full 0):
 garbage-first heap   total 396288K, used 136789K [0x0000000080000000, 0x0000000100000000)
  region size 1024K, 8 young (8192K), 8 survivors (8192K)
 Metaspace       used 108023K, committed 108864K, reserved 520192K
  class space    used 15046K, committed 15424K, reserved 421888K
}
Event: 233.495 GC heap before
{Heap before GC invocations=89 (full 0):
 garbage-first heap   total 396288K, used 203349K [0x0000000080000000, 0x0000000100000000)
  region size 1024K, 58 young (59392K), 8 survivors (8192K)
 Metaspace       used 112093K, committed 112960K, reserved 520192K
  class space    used 15571K, committed 16000K, reserved 421888K
}
Event: 233.648 GC heap after
{Heap after GC invocations=90 (full 0):
 garbage-first heap   total 396288K, used 153418K [0x0000000080000000, 0x0000000100000000)
  region size 1024K, 5 young (5120K), 5 survivors (5120K)
 Metaspace       used 112093K, committed 112960K, reserved 520192K
  class space    used 15571K, committed 16000K, reserved 421888K
}

