# JRE version: Java(TM) SE Runtime Environment (17.0.2+8) (build 17.0.2+8-LTS-86)
# Java VM: Java HotSpot(TM) 64-Bit Server VM (17.0.2+8-LTS-86, mixed mode, sharing, tiered, compressed oops, compressed class ptrs, g1 gc, windows-amd64)
GC Precious Log:
 CPUs: 4 total, 4 available
 Memory: 3944M
 Large Page Support: Disabled
 NUMA Support: Disabled
 Compressed Oops: Enabled (32-bit)
 Heap Region Size: 1M
 Heap Min Capacity: 8M
 Heap Initial Capacity: 62M
 Heap Max Capacity: 2G
 Pre-touch: Disabled
 Parallel Workers: 4
 Concurrent Workers: 1
 Concurrent Refinement Workers: 4
 Periodic GC: Disabled
Heap:
 garbage-first heap   total 319488K, used 166829K [0x0000000080000000, 0x0000000100000000)
  region size 1024K, 77 young (78848K), 2 survivors (2048K)
 Metaspace       used 89304K, committed 90176K, reserved 503808K
  class space    used 12264K, committed 12672K, reserved 421888K
GC Heap History (20 events):
Event: 288.607 GC heap before
{Heap before GC invocations=51 (full 0):
 garbage-first heap   total 180224K, used 90212K [0x0000000080000000, 0x0000000100000000)
  region size 1024K, 26 young (26624K), 2 survivors (2048K)
 Metaspace       used 69531K, committed 70400K, reserved 487424K
  class space    used 9810K, committed 10240K, reserved 421888K
}
Event: 288.829 GC heap after
{Heap after GC invocations=52 (full 0):
 garbage-first heap   total 180224K, used 68146K [0x0000000080000000, 0x0000000100000000)
  region size 1024K, 3 young (3072K), 3 survivors (3072K)
 Metaspace       used 69531K, committed 70400K, reserved 487424K
  class space    used 9810K, committed 10240K, reserved 421888K
}
Event: 346.310 GC heap before
{Heap before GC invocations=52 (full 0):
 garbage-first heap   total 180224K, used 86578K [0x0000000080000000, 0x0000000100000000)
  region size 1024K, 22 young (22528K), 3 survivors (3072K)
 Metaspace       used 70326K, committed 71104K, reserved 487424K
  class space    used 9882K, committed 10304K, reserved 421888K
}
Event: 346.628 GC heap after
{Heap after GC invocations=53 (full 0):
 garbage-first heap   total 180224K, used 68911K [0x0000000080000000, 0x0000000100000000)
  region size 1024K, 1 young (1024K), 1 survivors (1024K)
 Metaspace       used 70326K, committed 71104K, reserved 487424K
  class space    used 9882K, committed 10304K, reserved 421888K
}
Event: 387.019 GC heap before
{Heap before GC invocations=53 (full 0):
 garbage-first heap   total 180224K, used 101679K [0x0000000080000000, 0x0000000100000000)
  region size 1024K, 34 young (34816K), 1 survivors (1024K)
 Metaspace       used 73200K, committed 73984K, reserved 487424K
  class space    used 10364K, committed 10752K, reserved 421888K
}
Event: 387.993 GC heap after
{Heap after GC invocations=54 (full 0):
 garbage-first heap   total 180224K, used 70233K [0x0000000080000000, 0x0000000100000000)
  region size 1024K, 3 young (3072K), 3 survivors (3072K)
 Metaspace       used 73200K, committed 73984K, reserved 487424K
  class space    used 10364K, committed 10752K, reserved 421888K
}
Event: 389.008 GC heap before
{Heap before GC invocations=54 (full 0):
 garbage-first heap   total 180224K, used 75353K [0x0000000080000000, 0x0000000100000000)
  region size 1024K, 8 young (8192K), 3 survivors (3072K)
 Metaspace       used 73631K, committed 74432K, reserved 487424K
  class space    used 10406K, committed 10816K, reserved 421888K
}
Event: 389.020 GC heap after
{Heap after GC invocations=55 (full 0):
 garbage-first heap   total 180224K, used 70448K [0x0000000080000000, 0x0000000100000000)
  region size 1024K, 1 young (1024K), 1 survivors (1024K)
 Metaspace       used 73631K, committed 74432K, reserved 487424K
  class space    used 10406K, committed 10816K, reserved 421888K
}
Event: 390.258 GC heap before
{Heap before GC invocations=55 (full 0):
 garbage-first heap   total 180224K, used 95024K [0x0000000080000000, 0x0000000100000000)
  region size 1024K, 25 young (25600K), 1 survivors (1024K)
 Metaspace       used 73795K, committed 74624K, reserved 487424K
  class space    used 10409K, committed 10816K, reserved 421888K
}
Event: 390.261 GC heap after
{Heap after GC invocations=56 (full 0):
 garbage-first heap   total 180224K, used 70750K [0x0000000080000000, 0x0000000100000000)
  region size 1024K, 1 young (1024K), 1 survivors (1024K)
 Metaspace       used 73795K, committed 74624K, reserved 487424K
  class space    used 10409K, committed 10816K, reserved 421888K
}
Event: 392.109 GC heap before
{Heap before GC invocations=56 (full 0):
 garbage-first heap   total 180224K, used 123998K [0x0000000080000000, 0x0000000100000000)
  region size 1024K, 49 young (50176K), 1 survivors (1024K)
 Metaspace       used 74121K, committed 74880K, reserved 487424K
  class space    used 10448K, committed 10816K, reserved 421888K
}
Event: 392.117 GC heap after
{Heap after GC invocations=57 (full 0):
 garbage-first heap   total 180224K, used 78950K [0x0000000080000000, 0x0000000100000000)
  region size 1024K, 6 young (6144K), 6 survivors (6144K)
 Metaspace       used 74121K, committed 74880K, reserved 487424K
  class space    used 10448K, committed 10816K, reserved 421888K
}
Event: 392.323 GC heap before
{Heap before GC invocations=57 (full 0):
 garbage-first heap   total 180224K, used 85094K [0x0000000080000000, 0x0000000100000000)
  region size 1024K, 12 young (12288K), 6 survivors (6144K)
 Metaspace       used 74132K, committed 74880K, reserved 487424K
  class space    used 10448K, committed 10816K, reserved 421888K
}
Event: 392.355 GC heap after
{Heap after GC invocations=58 (full 0):
 garbage-first heap   total 180224K, used 79328K [0x0000000080000000, 0x0000000100000000)
  region size 1024K, 1 young (1024K), 1 survivors (1024K)
 Metaspace       used 74132K, committed 74880K, reserved 487424K
  class space    used 10448K, committed 10816K, reserved 421888K
}
Event: 396.192 GC heap before
{Heap before GC invocations=58 (full 0):
 garbage-first heap   total 180224K, used 115168K [0x0000000080000000, 0x0000000100000000)
  region size 1024K, 37 young (37888K), 1 survivors (1024K)
 Metaspace       used 76155K, committed 76928K, reserved 495616K
  class space    used 10664K, committed 11072K, reserved 421888K
}
Event: 396.284 GC heap after
{Heap after GC invocations=59 (full 0):
 garbage-first heap   total 319488K, used 80710K [0x0000000080000000, 0x0000000100000000)
  region size 1024K, 2 young (2048K), 2 survivors (2048K)
 Metaspace       used 76155K, committed 76928K, reserved 495616K
  class space    used 10664K, committed 11072K, reserved 421888K
}
Event: 406.660 GC heap before
{Heap before GC invocations=59 (full 0):
 garbage-first heap   total 319488K, used 193350K [0x0000000080000000, 0x0000000100000000)
  region size 1024K, 106 young (108544K), 2 survivors (2048K)
 Metaspace       used 84948K, committed 85824K, reserved 503808K
  class space    used 11681K, committed 12096K, reserved 421888K
}
Event: 406.821 GC heap after
{Heap after GC invocations=60 (full 0):
 garbage-first heap   total 319488K, used 89790K [0x0000000080000000, 0x0000000100000000)
  region size 1024K, 10 young (10240K), 10 survivors (10240K)
 Metaspace       used 84948K, committed 85824K, reserved 503808K
  class space    used 11681K, committed 12096K, reserved 421888K
}
Event: 409.746 GC heap before
{Heap before GC invocations=60 (full 0):
 garbage-first heap   total 319488K, used 101054K [0x0000000080000000, 0x0000000100000000)
  region size 1024K, 21 young (21504K), 10 survivors (10240K)
 Metaspace       used 85769K, committed 86592K, reserved 503808K
  class space    used 11781K, committed 12160K, reserved 421888K
}
Event: 409.899 GC heap after
{Heap after GC invocations=61 (full 0):
 garbage-first heap   total 319488K, used 91053K [0x0000000080000000, 0x0000000100000000)
  region size 1024K, 2 young (2048K), 2 survivors (2048K)
 Metaspace       used 85769K, committed 86592K, reserved 503808K
  class space    used 11781K, committed 12160K, reserved 421888K
}

